<!DOCTYPE html>
<html>
<head>
    <title>Unittest Results</title>
    <meta charset="utf-8">
    <meta name="viewport" content="width=device-width, initial-scale=1.0">
    <link rel="stylesheet" href="https://maxcdn.bootstrapcdn.com/bootstrap/3.3.6/css/bootstrap.min.css" integrity="sha384-1q8mTJOASx8j1Au+a5WDVnPi2lkFfwwEAa8hDDdjZlpLegxhjVME1fgjWPGmkzs7" crossorigin="anonymous">
</head>
<body>
    <div class="container">
        <div class="row">
            <div class="col-xs-12">
                <h2 class="text-capitalize">Unittest Results</h2>
                <p class='attribute'><strong>Start Time: </strong>2022-10-21 16:45:40</p>
                <p class='attribute'><strong>Duration: </strong>7.09 s</p>
                <p class='attribute'><strong>Summary: </strong>Total: 1, Pass: 0, Error: 1</p>
            </div>
        </div>
        <div class="row">
            <div class="col-xs-12 col-sm-10 col-md-10">
                <table class='table table-hover table-responsive'>
                    <thead>
                        <tr>
                            <th>__main__.GoogleSearch2</th>
                            <th>Status</th>
                            <th></th>
                        </tr>
                    </thead>
                    <tbody>
                        <tr class='warning'>
                            <td class="col-xs-10">test_search_automationStepByStep</td>
                            <td class="col-xs-1">
                                <span class="label label-warning" style="display:block;width:40px;">Error</span>
                            </td>
                            <td class="col-xs-1">
                                <button class="btn btn-default btn-xs">View</button>
                            </td>
                        </tr>
                        <tr style="display:none;">
                            <td class="col-xs-9" colspan="3"><p style="color:maroon;">NoSuchElementException: Message: no such element: Unable to locate element: {"method":"css selector","selector":"[name="q"]"}
  (Session info: chrome=106.0.5249.119)
Stacktrace:
Backtrace:
	Ordinal0 [0x00921ED3+2236115]
	Ordinal0 [0x008B92F1+1807089]
	Ordinal0 [0x007C66FD+812797]
	Ordinal0 [0x007F55DF+1005023]
	Ordinal0 [0x007F57CB+1005515]
	Ordinal0 [0x00827632+1209906]
	Ordinal0 [0x00811AD4+1120980]
	Ordinal0 [0x008259E2+1202658]
	Ordinal0 [0x008118A6+1120422]
	Ordinal0 [0x007EA73D+960317]
	Ordinal0 [0x007EB71F+964383]
	GetHandleVerifier [0x00BCE7E2+2743074]
	GetHandleVerifier [0x00BC08D4+2685972]
	GetHandleVerifier [0x009B2BAA+532202]
	GetHandleVerifier [0x009B1990+527568]
	Ordinal0 [0x008C080C+1837068]
	Ordinal0 [0x008C4CD8+1854680]
	Ordinal0 [0x008C4DC5+1854917]
	Ordinal0 [0x008CED64+1895780]
	BaseThreadInitThunk [0x771DFA29+25]
	RtlGetAppContainerNamedObjectPath [0x77967BBE+286]
	RtlGetAppContainerNamedObjectPath [0x77967B8E+238]
</p><p style="color:maroon;">Traceback (most recent call last):
  File "C:\Users\Alwqar\PycharmProjects\TestAutomation\Scenario2.py", line 16, in test_search_automationStepByStep
    self.driver.find_element(By.NAME, "q").send_keys("Facebook")
  File "C:\python\python396\lib\site-packages\selenium\webdriver\remote\webdriver.py", line 1238, in find_element
    return self.execute(Command.FIND_ELEMENT, {
  File "C:\python\python396\lib\site-packages\selenium\webdriver\remote\webdriver.py", line 418, in execute
    self.error_handler.check_response(response)
  File "C:\python\python396\lib\site-packages\selenium\webdriver\remote\errorhandler.py", line 243, in check_response
    raise exception_class(message, screen, stacktrace)
selenium.common.exceptions.NoSuchElementException: Message: no such element: Unable to locate element: {"method":"css selector","selector":"[name="q"]"}
  (Session info: chrome=106.0.5249.119)
Stacktrace:
Backtrace:
	Ordinal0 [0x00921ED3+2236115]
	Ordinal0 [0x008B92F1+1807089]
	Ordinal0 [0x007C66FD+812797]
	Ordinal0 [0x007F55DF+1005023]
	Ordinal0 [0x007F57CB+1005515]
	Ordinal0 [0x00827632+1209906]
	Ordinal0 [0x00811AD4+1120980]
	Ordinal0 [0x008259E2+1202658]
	Ordinal0 [0x008118A6+1120422]
	Ordinal0 [0x007EA73D+960317]
	Ordinal0 [0x007EB71F+964383]
	GetHandleVerifier [0x00BCE7E2+2743074]
	GetHandleVerifier [0x00BC08D4+2685972]
	GetHandleVerifier [0x009B2BAA+532202]
	GetHandleVerifier [0x009B1990+527568]
	Ordinal0 [0x008C080C+1837068]
	Ordinal0 [0x008C4CD8+1854680]
	Ordinal0 [0x008C4DC5+1854917]
	Ordinal0 [0x008CED64+1895780]
	BaseThreadInitThunk [0x771DFA29+25]
	RtlGetAppContainerNamedObjectPath [0x77967BBE+286]
	RtlGetAppContainerNamedObjectPath [0x77967B8E+238]

</p>
                            </td>
                        </tr>
                        <tr>
                            <td colspan="3">
                                Total: 1, Pass: 0, Error: 1 -- Duration: 7.09 s
                            </td>
                        </tr>
                    </tbody>
                </table>
            </div>
        </div>
    </div>
    <script src="https://ajax.googleapis.com/ajax/libs/jquery/2.2.4/jquery.min.js"></script>
    <script type="text/javascript">
        $(document).ready(function(){
            $('td').on('click', '.btn', function(e){
                e.preventDefault();
                e.stopImmediatePropagation();
                var $this = $(this);
                var $nextRow = $this.closest('tr').next('tr');
                $nextRow.slideToggle("fast");
                $this.text(function(i, text){
                    if (text === 'View') {
                        return 'Hide';
                    } else {
                        return 'View';
                    };
                });
            });
        });
    </script>
</body>
</html